1561448407698	mozrunner::runner	INFO	Running command: "C:\\Program Files (x86)\\Mozilla Firefox\\firefox.exe" "-marionette" "-foreground" "-no-remote" "-profile" "C:\\Users\\SWAROO~1\\AppData\\Local\\Temp\\rust_mozprofile.nYY2Dt88DooD"
1561448421947	addons.webextension.screenshots@mozilla.org	WARN	Loading extension 'screenshots@mozilla.org': Reading manifest: Invalid host permission: resource://pdf.js/
1561448421975	addons.webextension.screenshots@mozilla.org	WARN	Loading extension 'screenshots@mozilla.org': Reading manifest: Invalid host permission: about:reader*
[Child 14568, Chrome_ChildThread] WARNING: pipe error: 109: file z:/build/build/src/ipc/chromium/src/chrome/common/ipc_channel_win.cc, line 332
[Child 14568, Chrome_ChildThread] WARNING: pipe error: 109: file z:/build/build/src/ipc/chromium/src/chrome/common/ipc_channel_win.cc, line 332
[Parent 63892, Gecko_IOThread] WARNING: file z:/build/build/src/ipc/chromium/src/base/process_util_win.cc, line 166
1561448450549	Marionette	INFO	Listening on port 56438
1561448452519	Marionette	WARN	TLS certificate errors will be ignored for this session
[Child 176248, Chrome_ChildThread] WARNING: pipe error: 109: file z:/build/build/src/ipc/chromium/src/chrome/common/ipc_channel_win.cc, line 332
[Child 176248, Chrome_ChildThread] WARNING: pipe error: 109: file z:/build/build/src/ipc/chromium/src/chrome/common/ipc_channel_win.cc, line 332
console.error: BroadcastService: 
  receivedBroadcastMessage: handler for
  remote-settings/monitor_changes
  threw error:
  Message: Error: Polling for changes failed: NetworkError when attempting to fetch resource..
  Stack:
    remoteSettingsFunction/remoteSettings.pollChanges@resource://services-settings/remote-settings.js:188:13

[Child 143216, Chrome_ChildThread] WARNING: pipe error: 109: file z:/build/build/src/ipc/chromium/src/chrome/common/ipc_channel_win.cc, line 332
[Child 143216, Chrome_Chi[Child 121440, Chrome_ChildThread] WARNING: pipe error: 109: file z:/build/build/src/ipc/chromium/src/chrome/common/ipc_channel_win.cc, line 332
[Child 121561448796629	Marionette	INFO	Stopped listening on port 56438

###!!! [Child][RunMessage] Error: Channel closing: too late to send/recv, messages will be lost

[G1561448866455	mozrunner::runner	INFO	Running command: "C:\\Program Files (x86)\\Mozilla Firefox\\firefox.exe" "-marionette" "-foreground" "-no-remote" "-profile" "C:\\Users\\SWAROO~1\\AppData\\Local\\Temp\\rust_mozprofile.LAfxnKcdDeMS"
1561448868386	addons.webextension.screenshots@mozilla.org	WARN	Loading extension 'screenshots@mozilla.org': Reading manifest: Invalid host permission: resource://pdf.js/
1561448868386	addons.webextension.screenshots@mozilla.org	WARN	Loading extension 'screenshots@mozilla.org': Reading manifest: Invalid host permission: about:reader*
1561448882555	Marionette	INFO	Listening on port 56885
1561448882611	Marionette	WARN	TLS certificate errors will be ignored for this session
[Parent 48576, Gecko_IOThread] WARNING: pipe error: 109: file z:/build/build/src/ipc/chromium/src/chrome/common/ipc_channel_win.cc, line 332
[Child 176344, Chrome_ChildThread] WARNING: pipe error: 109: file z:/build/build/src/ipc/chromium/src/chrome/common/ipc_channel_win.cc, line 332
[Child 176344, Chr[Parent 48576, Gecko_IOThread] WARNING: file z:/build/build/src/ipc/chromium/src/base/process_util_win.cc, line 166
JavaScript error: file:///D:/Passion/Machine%20Learning/Projects/Semantic_Web_Parser_Model_Builder/Second%20Model%20Preparation/List%20of%20Sites/site_1_files/xd_arbiter.html, line 3: SecurityError: The operation is insecure.
console.error: BroadcastService: 
  receivedBroadcastMessage: handler for
  remote-settings/monitor_changes
  threw error:
  Message: Error: Polling for changes failed: NetworkError when attempting to fetch resource..
  Stack:
    remoteSettingsFunction/remoteSettings.pollChanges@resource://services-settings/remote-settings.js:188:13

[Parent 48576, Gecko_IOThread] WARNING: pipe error: 109: file z:/build/build/src/ipc/chromium/src/chrome/common/ipc_channel_win.cc, line 332
[Child 12172, Chrome_ChildThread] WARNING: pipe error: 109: file z:/build/build/src/ipc/chromium/src/chrome/common/ipc_channel_win.cc, line 332
[Child 12172, C[Parent 48576, Gecko_IOThread] WARNING: pipe error: 109: file z:/build/build/src/ipc/chromium/src/chrome/common/ipc_channel_win.cc, line 332
[Parent 48576, Gecko_IOThread] WARNING: pipe error: 109: file z:/build/build/src/ipc/chromium/src/chrome/common/ipc_channel_win.cc, line 332
[Child 163184, Chrome_ChildThread] WARNING: pipe error: 109: file z:/build/build/src/ipc/chromium/src/chrome/common/ipc_channel_win.cc, line 332
[Child 1631841561448947356	Marionette	INFO	Stopped listening on port 56885
[GPU 50228, Ch
###!!! [Child][RunMessage] Error: Channel closing: too late to send/recv, messages will be lost


###!!! [Child][MessageChannel::SendAndWait] Error: Channel error: cannot send/recv

1561448955102	mozrunner::runner	INFO	Running command: "C:\\Program Files (x86)\\Mozilla Firefox\\firefox.exe" "-marionette" "-foreground" "-no-remote" "-profile" "C:\\Users\\SWAROO~1\\AppData\\Local\\Temp\\rust_mozprofile.84KeUHXq6oSA"
1561448957088	addons.webextension.screenshots@mozilla.org	WARN	Loading extension 'screenshots@mozilla.org': Reading manifest: Invalid host permission: resource://pdf.js/
1561448957088	addons.webextension.screenshots@mozilla.org	WARN	Loading extension 'screenshots@mozilla.org': Reading manifest: Invalid host permission: about:reader*
1561448966732	Marionette	INFO	Listening on port 57024
[Child 110500, Chrome_ChildThread] WARNING: pipe error: 109: file z:/build/build/src/ipc/chromium/src/chrome/common/ipc_channel_win.cc, line 332
[Child 110500, Chrome_ChildThread] WARNING: pipe error: 109: file z:/build1561448966790	Marionette	WARN	TLS certificate errors will be ignored for this session
[Parent 100664, Gecko_IOThread] WARNING: pipe error: 109: file z:/build/build/src/ipc/chromium/src/chrome/common/ipc_channel_win.cc, line 332
[Child 156020, Chrome_ChildThread] WARNING: pipe error: 109: file z:/build/build/src/ipc/chromium/src/chrome/common/ipc_channel_win.cc, line 332
[Child 156020, CJavaScript error: file:///D:/Passion/Machine%20Learning/Projects/Semantic_Web_Parser_Model_Builder/Second%20Model%20Preparation/List%20of%20Sites/site_1_files/xd_arbiter.html, line 3: SecurityError: The operation is insecure.
console.error: BroadcastService: 
  receivedBroadcastMessage: handler for
  remote-settings/monitor_changes
  threw error:
  Message: Error: Polling for changes failed: NetworkError when attempting to fetch resource..
  Stack:
    remoteSettingsFunction/remoteSettings.pollChanges@resource://services-settings/remote-settings.js:188:13

[Parent 100664, Gecko_IOThread] WARNING: pipe error: 109: file z:/build/build/src/ipc/chromium/src/chrome/common/ipc_channel_win.cc, line 332
[Child 50968, Chrome_ChildThread] WARNING: pipe error: 109: file z:/build/build/src/ipc/chromium/src/chrome/common/ipc_channel_win.cc, line 332
[Child 120056, Chrome_ChildThread] WARNING: pipe error: 109: file z:/build/build/src/ipc/chromium/src/chrome/common/ipc_channel_win.cc, line 332
[Child 120056, Chrome_Child[Parent 100664, Gecko_IOThread] WARNING: file z:/build/build/src/ipc/chromium/src/base/process_util_win.cc, line 166
[Parent 100664, Gecko_IOThread] WARNING: file z:/build/build/src/ipc/chromium/src/base/process_util_win.cc, line 166
1561449181244	Marionette	INFO	Stopped listening on port 57024

###!!! [Child][RunMessage] Error: Channel closing: too late to send/recv, messages will be lost

1561449503000	mozrunner::runner	INFO	Running command: "C:\\Program Files (x86)\\Mozilla Firefox\\firefox.exe" "-marionette" "-foreground" "-no-remote" "-profile" "C:\\Users\\SWAROO~1\\AppData\\Local\\Temp\\rust_mozprofile.VinYkwZQc9wN"
1561449520330	addons.webextension.screenshots@mozilla.org	WARN	Loading extension 'screenshots@mozilla.org': Reading manifest: Invalid host permission: resource://pdf.js/
1561449520354	addons.webextension.screenshots@mozilla.org	WARN	Loading extension 'screenshots@mozilla.org': Reading manifest: Invalid host permission: about:reader*
Exiting due to channel error.
Exiting due to channel error.
1561449604249	mozrunner::runner	INFO	Running command: "C:\\Program Files (x86)\\Mozilla Firefox\\firefox.exe" "-marionette" "-foreground" "-no-remote" "-profile" "C:\\Users\\SWAROO~1\\AppData\\Local\\Temp\\rust_mozprofile.G8lfYXZQGTxy"
1561449606431	addons.webextension.screenshots@mozilla.org	WARN	Loading extension 'screenshots@mozilla.org': Reading manifest: Invalid host permission: resource://pdf.js/
1561449606431	addons.webextension.screenshots@mozilla.org	WARN	Loading extension 'screenshots@mozilla.org': Reading manifest: Invalid host permission: about:reader*
1561449618813	Marionette	INFO	Listening on port 57883
1561449620550	Marionette	WARN	TLS certificate errors will be ignored for this session
[Parent 124004, Gecko_IOThread] WARNING: pipe error: 109: file z:/build/build/src/ipc/chromium/src/chrome/common/ipc_channel_win.cc, line 332
[Child 67812, Chrome_ChildThread] WARNING: pipe error: 109: file z:/build/build/src/ipc/chromium/src/chrome/common/ipc_channel_win.cc, line 332
[Child[Parent 124004, Gecko_IOThread] WARNING: file z:/build/build/src/ipc/chromium/src/base/process_util_win.cc, line 166
JavaScript error: file:///D:/Passion/Machine%20Learning/Projects/Semantic_Web_Parser_Model_Builder/Second%20Model%20Preparation/List%20of%20Sites/site_1_files/xd_arbiter.html, line 3: SecurityError: The operation is insecure.
JavaScript error: file:///D:/Passion/Machine%20Learning/Projects/Semantic_Web_Parser_Model_Builder/Second%20Model%20Preparation/List%20of%20Sites/site_1_files/xd_arbiter.html, line 3: SecurityError: The operation is insecure.
JavaScript error: file:///D:/Passion/Machine%20Learning/Projects/Semantic_Web_Parser_Model_Builder/Second%20Model%20Preparation/List%20of%20Sites/site_1_files/xd_arbiter.html, line 3: SecurityError: The operation is insecure.
[Parent 124004, Gecko_IOThread] WARNING: pipe error: 109: file z:/build/build/src/ipc/chromium/src/chrome/common/ipc_channel_win.cc, line 332
[Child 91192, Chrome_ChildThread] WARNING: pipe error: 109: file z:/build/build/src/ipc/chromium/src/chrome/common/ipc_channel_win.cc, line 332
[Child 91192, Chr[Child 51060, Chrome_ChildThread] WARNING: pipe error: 109: file z:/build/build/src/ipc/chromium/src/chrome/common/ipc_channel_win.cc, line 332
[Child 510601561449703297	Marionette	INFO	Stopped listening on port 57883

###!!! [Child][RunMessage] Error: Channel closing: too late to send/recv, messages will be lost

[GPU 1651561460161559	mozrunner::runner	INFO	Running command: "C:\\Program Files (x86)\\Mozilla Firefox\\firefox.exe" "-marionette" "-foreground" "-no-remote" "-profile" "C:\\Users\\SWAROO~1\\AppData\\Local\\Temp\\rust_mozprofile.5WmQRSXC4Crr"
1561460172776	addons.webextension.screenshots@mozilla.org	WARN	Loading extension 'screenshots@mozilla.org': Reading manifest: Invalid host permission: resource://pdf.js/
1561460172802	addons.webextension.screenshots@mozilla.org	WARN	Loading extension 'screenshots@mozilla.org': Reading manifest: Invalid host permission: about:reader*
[Parent 14348, Gecko_IOThread] WARNING: file z:/build/build/src/ipc/chromium/src/base/process_util_win.cc, line 166
1561460203895	Marionette	INFO	Listening on port 58242
1561460205467	Marionette	WARN	TLS certificate errors will be ignored for this session
[Child 119116, Chrome_ChildThread] WARNING: pipe error: 109: file z:/build/build/src/ipc/chromium/src/chrome/common/ipc_channel_win.cc, line 332
[Child 1191console.error: BroadcastService: 
  receivedBroadcastMessage: handler for
  remote-settings/monitor_changes
  threw error:
  Message: Error: Polling for changes failed: NetworkError when attempting to fetch resource..
  Stack:
    remoteSettingsFunction/remoteSettings.pollChanges@resource://services-settings/remote-settings.js:188:13

JavaScript error: file:///D:/Passion/Machine%20Learning/Projects/Semantic_Web_Parser_Model_Builder/Second%20Model%20Preparation/List%20of%20Sites/site_1_files/xd_arbiter.html, line 3: SecurityError: The operation is insecure.
[Parent 14348, Gecko_IOThread] WARNING: pipe error: 109: file z:/build/build/src/ipc/chromium/src/chrome/common/ipc_channel_win.cc, line 332
[Child 93712, Chrome_ChildThread] WARNING: pipe error: 109: file z:/build/build/src/ipc/chromium/src/chrome/common/ipc_channel_win.cc, line 332
[Child 151148, Chrome_ChildThread] WARNING: pipe error: 109: file z:/build/build/src/ipc/chromium/src/chrome/common/ipc_channel_win.cc, line 332
[Child 151148, Chro[Child 146084, Chrome_ChildThread] WARNING: pipe error: 109: file z:/build/build/src/ipc/chromium/src/chrome/common/ipc_channel_win.cc, line 332
[Child 146084,1561460256108	Marionette	INFO	Stopped listening on port 58242
[GPU 32264,1561460261874	mozrunner::runner	INFO	Running command: "C:\\Program Files (x86)\\Mozilla Firefox\\firefox.exe" "-marionette" "-foreground" "-no-remote" "-profile" "C:\\Users\\SWAROO~1\\AppData\\Local\\Temp\\rust_mozprofile.rUG9bjHbcRSU"
1561460265719	addons.webextension.screenshots@mozilla.org	WARN	Loading extension 'screenshots@mozilla.org': Reading manifest: Invalid host permission: resource://pdf.js/
1561460265720	addons.webextension.screenshots@mozilla.org	WARN	Loading extension 'screenshots@mozilla.org': Reading manifest: Invalid host permission: about:reader*
1561460274042	Marionette	INFO	Listening on port 58330
1561460274328	Marionette	WARN	TLS certificate errors will be ignored for this session
[Parent 157788, Gecko_IOThread] WARNING: pipe error: 109: file z:/build/build/src/ipc/chromium/src/chrome/common/ipc_channel_win.cc, line 332
[Child 111792, Chrome_ChildThread] WARNING: pipe error: 109: file z:/build/build/src/ipc/chromium/src/chrome/common/ipc_channel_win.cc, line 332
[Child 111792JavaScript error: file:///D:/Passion/Machine%20Learning/Projects/Semantic_Web_Parser_Model_Builder/Second%20Model%20Preparation/List%20of%20Sites/site_1_files/xd_arbiter.html, line 3: SecurityError: The operation is insecure.
console.error: BroadcastService: 
  receivedBroadcastMessage: handler for
  remote-settings/monitor_changes
  threw error:
  Message: Error: Polling for changes failed: NetworkError when attempting to fetch resource..
  Stack:
    remoteSettingsFunction/remoteSettings.pollChanges@resource://services-settings/remote-settings.js:188:13

[Parent 157788, Gecko_IOThread] WARNING: pipe error: 109: file z:/build/build/src/ipc/chromium/src/chrome/common/ipc_channel_win.cc, line 332
[Parent 157788, Gecko_IOThread] WARNING: pipe error: 109: file z:/build/build/src/ipc/chromium/src/chrome/common/ipc_channel_win.cc, line 332
1561461264174	Marionette	INFO	Stopped listening on port 58330
[GPU 132708, Chrome_Chi
###!!! [Child][RunMessage] Error: Channel closing: too late to send/recv, messages will be lost


###!!! [Child][MessageChannel::SendAndWait] Error: Channel error: cannot send/recv

1561461289375	mozrunner::runner	INFO	Running command: "C:\\Program Files (x86)\\Mozilla Firefox\\firefox.exe" "-marionette" "-foreground" "-no-remote" "-profile" "C:\\Users\\SWAROO~1\\AppData\\Local\\Temp\\rust_mozprofile.bkHkWxc5U1Ir"
1561461293177	addons.webextension.screenshots@mozilla.org	WARN	Loading extension 'screenshots@mozilla.org': Reading manifest: Invalid host permission: resource://pdf.js/
1561461293178	addons.webextension.screenshots@mozilla.org	WARN	Loading extension 'screenshots@mozilla.org': Reading manifest: Invalid host permission: about:reader*
[Child 154848, Chrome_ChildThread] WARNING: pipe error: 109: file z:/build/build/src/ipc/chromium/src/chrome/common/ipc_channel_win.cc, line 332
[Child 15481561461310241	Marionette	INFO	Listening on port 58466
1561461311028	Marionette	WARN	TLS certificate errors will be ignored for this session
[Parent 194108, Gecko_IOThread] WARNING: pipe error: 109: file z:/build/build/src/ipc/chromium/src/chrome/common/ipc_channel_win.cc, line 332
JavaScript error: file:///D:/Passion/Machine%20Learning/Projects/Semantic_Web_Parser_Model_Builder/Second%20Model%20Preparation/List%20of%20Sites/site_1_files/xd_arbiter.html, line 3: SecurityError: The operation is insecure.
[Parent 194108, Gecko_IOThread] WARNING: pipe error: 109: file z:/build/build/src/ipc/chromium/src/chrome/common/ipc_channel_win.cc, line 332
1561461341472	Marionette	INFO	Stopped listening on port 58466

###!!! [Child][MessageChannel::SendAndWait] Error: Channel error: cannot send/recv

1561461350441	mozrunner::runner	INFO	Running command: "C:\\Program Files (x86)\\Mozilla Firefox\\firefox.exe" "-marionette" "-foreground" "-no-remote" "-profile" "C:\\Users\\SWAROO~1\\AppData\\Local\\Temp\\rust_mozprofile.l2cFS98pV0m6"
1561461353138	addons.webextension.screenshots@mozilla.org	WARN	Loading extension 'screenshots@mozilla.org': Reading manifest: Invalid host permission: resource://pdf.js/
1561461353139	addons.webextension.screenshots@mozilla.org	WARN	Loading extension 'screenshots@mozilla.org': Reading manifest: Invalid host permission: about:reader*
1561461359997	Marionette	INFO	Listening on port 58536
1561461360145	Marionette	WARN	TLS certificate errors will be ignored for this session
[Child 208652, Chrome_ChildThread] WARNING: pipe error: 109: file z:/build/build/src/ipc/chromium/src/chrome/common/ipc_channel_win.cc, line 332
[Child 208652, Chrome_ChildThread] WARNING: pipe error: 109: file z:/build/build/src/ipc/chromium/src/chrome/common/ipc_channel_win.cc, line 332
JavaScript error: file:///D:/Passion/Machine%20Learning/Projects/Semantic_Web_Parser_Model_Builder/Second%20Model%20Preparation/List%20of%20Sites/site_1_files/xd_arbiter.html, line 3: SecurityError: The operation is insecure.
console.error: BroadcastService: 
  receivedBroadcastMessage: handler for
  remote-settings/monitor_changes
  threw error:
  Message: Error: Polling for changes failed: NetworkError when attempting to fetch resource..
  Stack:
    remoteSettingsFunction/remoteSettings.pollChanges@resource://services-settings/remote-settings.js:188:13

[Parent 207824, Gecko_IOThread] WARNING: pipe error: 109: file z:/build/build/src/ipc/chromium/src/chrome/common/ipc_channel_win.cc, line 332
[Parent 207824, Gecko_IOThread] WARNING: pipe error: 109: file z:/build/build/src/ipc/chromium/src/chrome/common/ipc_channel_win.cc, line 332
[Child 208416, Chrome_ChildThread] WARNING: pipe error: 109: file z:/build/build/src/ipc/chromium/src/chrome/[Child 19c9o8m1m2on/ipc_cha,n Chrome_ChildThread] nWel_win.cc,A line 332
RNING: pipe error: 109: file z:/build/build/src/ipc/chromium/src/chrome/common/ipc_channel_win.cc, line 332
[Child 199812,[Child 208400, Chrome_ChildThread] WARNING: pipe error: 109: file z:/build/build/src/ipc/chromium/src/chrome/common/ipc_channel_win.cc, line 332
[Child 208400,1561461454833	Marionette	INFO	Stopped listening on port 58536

###!!! [Child][RunMessage] Error: Channel closing: too late to send/recv, messages will be lost

[GPU 2060
###!!! [Child][MessageChannel::SendAndWait] Error: Channel error: cannot send/recv

1561461461813	mozrunner::runner	INFO	Running command: "C:\\Program Files (x86)\\Mozilla Firefox\\firefox.exe" "-marionette" "-foreground" "-no-remote" "-profile" "C:\\Users\\SWAROO~1\\AppData\\Local\\Temp\\rust_mozprofile.SnU19SryDxb5"
1561461464546	addons.webextension.screenshots@mozilla.org	WARN	Loading extension 'screenshots@mozilla.org': Reading manifest: Invalid host permission: resource://pdf.js/
1561461464547	addons.webextension.screenshots@mozilla.org	WARN	Loading extension 'screenshots@mozilla.org': Reading manifest: Invalid host permission: about:reader*
1561461471294	Marionette	INFO	Listening on port 58595
1561461471572	Marionette	WARN	TLS certificate errors will be ignored for this session
[Child 202196, Chrome_ChildThread] WARNING: pipe error: 109: file z:/build/build/src/ipc/chromium/src/chrome/common/ipc_channel_win.cc, line 332
[Child 202196, JavaScript error: file:///D:/Passion/Machine%20Learning/Projects/Semantic_Web_Parser_Model_Builder/Second%20Model%20Preparation/List%20of%20Sites/site_1_files/xd_arbiter.html, line 3: SecurityError: The operation is insecure.
1561461496561	Marionette	INFO	Stopped listening on port 58595
[Child 212248, Chrome_ChildThread] WARNING: pipe error: 109: file z:/build/build/src/ipc/chromium/src/chrome/common/ipc_channel_win.cc, line 332
[Child [Child 212940, Chrome_ChildThread] WARNING: pipe error: 109: file z:/build/build/src/ipc/chromium/src/chrome/common/ipc_channel_win.cc, line 332
[Child 212940, Chrome_ChildThread] WARNING: pi[GPU 212268
###!!! [Child][MessageChannel::SendAndWait] Error: Channel error: cannot send/recv

1561462150850	mozrunner::runner	INFO	Running command: "C:\\Program Files (x86)\\Mozilla Firefox\\firefox.exe" "-marionette" "-foreground" "-no-remote" "-profile" "C:\\Users\\SWAROO~1\\AppData\\Local\\Temp\\rust_mozprofile.Q7Z3kvwaAvc2"
1561462156233	addons.webextension.screenshots@mozilla.org	WARN	Loading extension 'screenshots@mozilla.org': Reading manifest: Invalid host permission: resource://pdf.js/
1561462156235	addons.webextension.screenshots@mozilla.org	WARN	Loading extension 'screenshots@mozilla.org': Reading manifest: Invalid host permission: about:reader*
1561462164753	Marionette	INFO	Listening on port 58684
1561462164981	Marionette	WARN	TLS certificate errors will be ignored for this session
JavaScript error: file:///D:/Passion/Machine%20Learning/Projects/Semantic_Web_Parser_Model_Builder/Second%20Model%20Preparation/List%20of%20Sites/site_1_files/xd_arbiter.html, line 3: SecurityError: The operation is insecure.
1561462188162	Marionette	INFO	Stopped listening on port 58684
[GPU 190168,
###!!! [Child][RunMessage] Error: Channel closing: too late to send/recv, messages will be lost

 C
###!!! [Child][MessageChannel::SendAndWait] Error: Channel error: cannot send/recv

1561566685147	mozrunner::runner	INFO	Running command: "C:\\Program Files (x86)\\Mozilla Firefox\\firefox.exe" "-marionette" "-foreground" "-no-remote" "-profile" "C:\\Users\\SWAROO~1\\AppData\\Local\\Temp\\rust_mozprofile.GPLtbAOwEdiv"
1561566697542	addons.webextension.screenshots@mozilla.org	WARN	Loading extension 'screenshots@mozilla.org': Reading manifest: Invalid host permission: resource://pdf.js/
1561566697590	addons.webextension.screenshots@mozilla.org	WARN	Loading extension 'screenshots@mozilla.org': Reading manifest: Invalid host permission: about:reader*
[Parent 12592, Gecko_IOThread] WARNING: pipe error: 109: file z:/build/build/src/ipc/chromium/src/chrome/common/ipc_channel_win.cc, line 332
[Child 9380, Chrome_ChildThread] WARNING: pipe error: 109: file z:/build/build/src/ipc/chromium/src/chrome/common/ipc_channel_win.cc, line 332
[Child 9380, Chrome_ChildThread] WARNING: pipe error: 109: file z:/build/build/src/ipc/chromium/src/chrome/common/ipc_channel_win.cc, line 332
[Parent 12592, Gecko_IOThread] WARNING: file z:/build/build/src/ipc/chromium/src/base/process_util_win.cc, line 166
1561566731258	Marionette	INFO	Listening on port 49931
1561566732757	Marionette	WARN	TLS certificate errors will be ignored for this session
[Parent 12592, Gecko_IOThread] WARNING: pipe error: 109: file z:/build/build/src/ipc/chromium/src/chrome/common/ipc_channel_win.cc, line 332
[Child 12972, Chrome_ChildThread] WARNING: pipe error: 109: file z:/build/build/src/ipc/chromium/src/chrome/common/ipc_channel_win.cc, line 332
[Child 12972, [Parent 12592, Gecko_IOThread] WARNING: file z:/build/build/src/ipc/chromium/src/base/process_util_win.cc, line 166
JavaScript error: file:///D:/Passion/Machine%20Learning/Projects/Semantic_Web_Parser_Model_Builder/Second%20Model%20Preparation/List%20of%20Sites/site_1_files/xd_arbiter.html, line 3: SecurityError: The operation is insecure.
console.error: BroadcastService: 
  receivedBroadcastMessage: handler for
  remote-settings/monitor_changes
  threw error:
  Message: Error: Polling for changes failed: NetworkError when attempting to fetch resource..
  Stack:
    remoteSettingsFunction/remoteSettings.pollChanges@resource://services-settings/remote-settings.js:188:13

[Parent 12592, Gecko_IOThread] WARNING: pipe error: 109: file z:/build/build/src/ipc/chromium/src/chrome/common/ipc_channel_win.cc, line 332
[Child 12840, Chrome_ChildThread] WARNING: pipe error: 109: file z:/build/build/src/ipc/chromium/src/chrome/common/ipc_channel_w[iCnh.icc,l dl i1n1e884, Chrome_ChildThread] WA 332
RNING: pipe [Child 12840, Chreorme_ChildTrhread] oWARNING: pipre : 109: file z:/build/build/src/ipc/chromium/src/chrome/common/ipec_channrel_win.rcc, line 332
or: 109: file [Chilzd 118:8/4b,u Chrome_CihildThrelad] WARdNING: p/ipe errbor: 109: file uz:/build/buildi/src/iplc/chromdium/src/chrome//common/ipc_chsarncn/eilp_win.ccc, line 332
/chromium/src/chrome/common/ipc_channel_win.cc, line 332
[Child 12052, Chrome_ChildThread] WARNING: pipe error: 109: file z:/build/build/src/ipc/chromium/src/chrome/common/ipc_channel_win.cc, line 332
[Child 12051561566951226	Marionette	INFO	Stopped listening on port 49931
[GPU 1561567016314	mozrunner::runner	INFO	Running command: "C:\\Program Files (x86)\\Mozilla Firefox\\firefox.exe" "-marionette" "-foreground" "-no-remote" "-profile" "C:\\Users\\SWAROO~1\\AppData\\Local\\Temp\\rust_mozprofile.zyt25fL8SYFn"
1561567018764	addons.webextension.screenshots@mozilla.org	WARN	Loading extension 'screenshots@mozilla.org': Reading manifest: Invalid host permission: resource://pdf.js/
1561567018764	addons.webextension.screenshots@mozilla.org	WARN	Loading extension 'screenshots@mozilla.org': Reading manifest: Invalid host permission: about:reader*
[Parent 13988, Gecko_IOThread] WARNING: pipe error: 109: file z:/build/build/src/ipc/chromium/src/chrome/common/ipc_channel_win.cc, line 332
1561567033084	Marionette	INFO	Listening on port 50336
[Child 13912, Chrome_ChildThread] WARNING: pipe error: 109: file z:/build/build/src/ipc/chromium/src/chrome/common/ipc_channel_win.cc, line 332
[Child 13912, Chrome_ChildThread] WARNING: pipe error: 109: file z:/build/build/src/ipc/chromium/src/c1561567033864	Marionette	WARN	TLS certificate errors will be ignored for this session
console.error: BroadcastService: 
  receivedBroadcastMessage: handler for
  remote-settings/monitor_changes
  threw error:
  Message: Error: Polling for changes failed: NetworkError when attempting to fetch resource..
  Stack:
    remoteSettingsFunction/remoteSettings.pollChanges@resource://services-settings/remote-settings.js:188:13

1561567071185	Marionette	INFO	Stopped listening on port 50336
[Parent 13988, Gecko_IOThread] WARNING: pipe error: 109: file z:/build/build/src/ipc/chromium/src/chrome/common/ipc_channel_win.cc, line 332
[Parent 13988, Gecko_IOThread] WARNING: pipe error: 109: file z:/build/build/src/ipc/chromium/src/chrome/common/ipc_channel_win.cc, line 332
[Child 14132, Chrome_ChildThread] WARNING: pipe error: 109: file z:/build/build/src/ipc/chromium/src/chrome/common/ipc_channel_win.cc, line 332
[Child 14132, Chrome[Parent 13988, Gecko_IOThread] WARNING: pipe error: 109: file z:/build/build/src/ipc/chromium/src/chrome/common/ipc_channel_win.cc, line 332
[Child 13528, Chrome_ChildThread] WARNING: pipe error: 109: file z:/build/build/src/ipc/chromium/src/chrome/common/ipc_channel_win.cc, line 332
[Child 13528, C[GPU 
###!!! [Child][RunMessage] Error: Channel closing: too late to send/recv, messages will be lost

1286
###!!! [Child][MessageChannel::SendAndWait] Error: Channel error: cannot send/recv

1561567373010	mozrunner::runner	INFO	Running command: "C:\\Program Files (x86)\\Mozilla Firefox\\firefox.exe" "-marionette" "-foreground" "-no-remote" "-profile" "C:\\Users\\SWAROO~1\\AppData\\Local\\Temp\\rust_mozprofile.JfqkDdzTbYRI"
1561567374833	addons.webextension.screenshots@mozilla.org	WARN	Loading extension 'screenshots@mozilla.org': Reading manifest: Invalid host permission: resource://pdf.js/
1561567374834	addons.webextension.screenshots@mozilla.org	WARN	Loading extension 'screenshots@mozilla.org': Reading manifest: Invalid host permission: about:reader*
1561567387070	Marionette	INFO	Listening on port 50783
[Child 11960, Chrome_ChildThread] WARNING: pipe error: 109: file z:/build/build/src/ipc/chromium/src/chrome/common/ipc_channel_win.cc, line 332
[Child 11960,1561567387368	Marionette	WARN	TLS certificate errors will be ignored for this session
[Parent 14452, Gecko_IOThread] WARNING: pipe error: 109: file z:/build/build/src/ipc/chromium/src/chrome/common/ipc_channel_win.cc, line 332
[Child 14712, Chrome_ChildThread] WARNING: pipe error: 109: file z:/build/build/src/ipc/chromium/src/chrome/common/ipc_channel_win.cc, line 332
[Child 14712,JavaScript error: file:///D:/Passion/Machine%20Learning/Projects/Semantic_Web_Parser_Model_Builder/Second%20Model%20Preparation/List%20of%20Sites/site_3_files/cb=gapi.loaded_1, line 1: ReferenceError: gapi is not defined
JavaScript error: file:///D:/Passion/Machine%20Learning/Projects/Semantic_Web_Parser_Model_Builder/Second%20Model%20Preparation/List%20of%20Sites/site_3_files/qevents.js.download, line 1: Error: Quora Pixel Error: Base pixel code is not installed properly.
JavaScript error: file:///D:/Passion/Machine%20Learning/Projects/Semantic_Web_Parser_Model_Builder/Second%20Model%20Preparation/List%20of%20Sites/site_3_files/a.js.download, line 77: TypeError: g is undefined
JavaScript error: file:///D:/Passion/Machine%20Learning/Projects/Semantic_Web_Parser_Model_Builder/Second%20Model%20Preparation/List%20of%20Sites/site_3_files/cb=gapi.loaded_0, line 1: ReferenceError: gapi is not defined
JavaScript error: file:///D:/Passion/Machine%20Learning/Projects/Semantic_Web_Parser_Model_Builder/Second%20Model%20Preparation/List%20of%20Sites/site_3_files/a, line 1: ReferenceError: $WZRK_WR is not defined
JavaScript error: file:///D:/Passion/Machine%20Learning/Projects/Semantic_Web_Parser_Model_Builder/Second%20Model%20Preparation/List%20of%20Sites/site_3_files/a(1), line 1: ReferenceError: $WZRK_WR is not defined
JavaScript error: , line 0: uncaught exception: Failed to get parent origin from URL hash!
JavaScript error: , line 0: uncaught exception: gapi.auth2.ExternallyVisibleError: Invalid cookiePolicy
console.error: BroadcastService: 
  receivedBroadcastMessage: handler for
  remote-settings/monitor_changes
  threw error:
  Message: Error: Polling for changes failed: NetworkError when attempting to fetch resource..
  Stack:
    remoteSettingsFunction/remoteSettings.pollChanges@resource://services-settings/remote-settings.js:188:13

[Parent 14452, Gecko_IOThread] WARNING: pipe error: 109: file z:/build/build/src/ipc/chromium/src/chrome/common/ipc_channel_win.cc, line 332
[Child 14340, Chrome_ChildThread] WARNING: pipe error: 109: file z:/build/build/src/ipc/chromium/src/chrome/common/ipc_channel_win.cc, line 332
[Child 14340, Chrome_Child[Parent 14452, Gecko_IOThread] WARNING: pipe error: 109: file z:/build/build/src/ipc/chromium/src/chrome/common/ipc_channel_win.cc, line 332
[Child 15452, Chrome_ChildThread] WARNING: pipe error: 109: file z:/build/build/src/ipc/chromium/src/chrome/common/ipc_channel_win.cc, line 332
[Child 15452, [Child 15420, Chrome_ChildThread] WARNING: pipe error: 109: file z:/build/build/src/ipc/chromium/src/chrome/common/ipc_channel_win.cc, line 332
[Child 15420, Ch1561567441138	Marionette	INFO	Stopped listening on port 50783

###!!! [Child][RunMessage] Error: Channel closing: too late to send/recv, messages will be lost

[GP1561567455794	mozrunner::runner	INFO	Running command: "C:\\Program Files (x86)\\Mozilla Firefox\\firefox.exe" "-marionette" "-foreground" "-no-remote" "-profile" "C:\\Users\\SWAROO~1\\AppData\\Local\\Temp\\rust_mozprofile.7sVeFMMiWQSE"
1561567459003	addons.webextension.screenshots@mozilla.org	WARN	Loading extension 'screenshots@mozilla.org': Reading manifest: Invalid host permission: resource://pdf.js/
1561567459003	addons.webextension.screenshots@mozilla.org	WARN	Loading extension 'screenshots@mozilla.org': Reading manifest: Invalid host permission: about:reader*
1561567462406	Marionette	INFO	Listening on port 51032
1561567462492	Marionette	WARN	TLS certificate errors will be ignored for this session
[Child 16000, Chrome_ChildThread] WARNING: pipe error: 109: file z:/build/build/src/ipc/chromium/src/chrome/common/ipc_channel_win.cc, line 332
[Child 16000, Chrome_ChildThread] WARNING: pipe JavaScript error: file:///D:/Passion/Machine%20Learning/Projects/Semantic_Web_Parser_Model_Builder/Second%20Model%20Preparation/List%20of%20Sites/site_3_files/cb=gapi.loaded_1, line 1: ReferenceError: gapi is not defined
JavaScript error: file:///D:/Passion/Machine%20Learning/Projects/Semantic_Web_Parser_Model_Builder/Second%20Model%20Preparation/List%20of%20Sites/site_3_files/qevents.js.download, line 1: Error: Quora Pixel Error: Base pixel code is not installed properly.
JavaScript error: file:///D:/Passion/Machine%20Learning/Projects/Semantic_Web_Parser_Model_Builder/Second%20Model%20Preparation/List%20of%20Sites/site_3_files/a.js.download, line 77: TypeError: g is undefined
JavaScript error: file:///D:/Passion/Machine%20Learning/Projects/Semantic_Web_Parser_Model_Builder/Second%20Model%20Preparation/List%20of%20Sites/site_3_files/a, line 1: ReferenceError: $WZRK_WR is not defined
JavaScript error: file:///D:/Passion/Machine%20Learning/Projects/Semantic_Web_Parser_Model_Builder/Second%20Model%20Preparation/List%20of%20Sites/site_3_files/a(1), line 1: ReferenceError: $WZRK_WR is not defined
JavaScript error: , line 0: uncaught exception: Failed to get parent origin from URL hash!
JavaScript error: , line 0: uncaught exception: gapi.auth2.ExternallyVisibleError: Invalid cookiePolicy
JavaScript error: https://apis.google.com/_/scs/apps-static/_/js/k=oz.gapi.en.pDe8e7UaxCE.O/m=client/rt=j/sv=1/d=1/ed=1/am=wQE/rs=AGLTcCOxGzYrQZsPxlxbZS_N8HEAL18hEA/cb=gapi.loaded_0, line 1: TypeError: gapi.loaded_0 is not a function
console.error: BroadcastService: 
  receivedBroadcastMessage: handler for
  remote-settings/monitor_changes
  threw error:
  Message: Error: Polling for changes failed: NetworkError when attempting to fetch resource..
  Stack:
    remoteSettingsFunction/remoteSettings.pollChanges@resource://services-settings/remote-settings.js:188:13

1561567493831	Marionette	INFO	Stopped listening on port 51032
[Parent 14872, Gecko_IOThread] WARNING: pipe error: 109: file z:/build/build/src/ipc/chromium/src/chrome/common/ipc_channel_win.cc, line 332
[Child 15056, Chrome_ChildThread] WARNING: pipe error: 109: file z:/build/build/src/ipc/chromium/src/chrome/common/ipc_channel_win.cc, line 332
[Child[Parent 14872, Gecko_IOThread] WARNING: pipe error: 109: file z:/build/build/src/ipc/chromium/src/chrome/common/ipc_channel_win.cc, line 332
[Child 15564, Chrome_ChildThread] WARNING: pipe error: 109: file z:/build/build/src/ipc/chromium/src/chrome/common/ipc_channel_win.cc, line 332
[Child 15564,[GPU 153
###!!! [Child][RunMessage] Error: Channel closing: too late to send/recv, messages will be lost

1
###!!! [Child][MessageChannel::SendAndWait] Error: Channel error: cannot send/recv

1561569035692	mozrunner::runner	INFO	Running command: "C:\\Program Files (x86)\\Mozilla Firefox\\firefox.exe" "-marionette" "-foreground" "-no-remote" "-profile" "C:\\Users\\SWAROO~1\\AppData\\Local\\Temp\\rust_mozprofile.pIjCDUjuWJZi"
1561569046770	addons.webextension.screenshots@mozilla.org	WARN	Loading extension 'screenshots@mozilla.org': Reading manifest: Invalid host permission: resource://pdf.js/
1561569046779	addons.webextension.screenshots@mozilla.org	WARN	Loading extension 'screenshots@mozilla.org': Reading manifest: Invalid host permission: about:reader*
[Parent 19564, Gecko_IOThread] WARNING: file z:/build/build/src/ipc/chromium/src/base/process_util_win.cc, line 166
1561569074003	Marionette	INFO	Listening on port 52520
1561569074899	Marionette	WARN	TLS certificate errors will be ignored for this session
[Parent 19564, Gecko_IOThread] WARNING: pipe error: 109: file z:/build/build/src/ipc/chromium/src/chrome/common/ipc_channel_win.cc, line 332
[Child 19936, Chrome_ChildThread] WARNING: pipe error: 109: file z:/build/build/src/ipc/chromium/src/chrome/common/ipc_channel_win.cc, line 332
[Child 19936, Chrom[Parent 19564, Gecko_IOThread] WARNING: file z:/build/build/src/ipc/chromium/src/base/process_util_win.cc, line 166
console.error: BroadcastService: 
  receivedBroadcastMessage: handler for
  remote-settings/monitor_changes
  threw error:
  Message: Error: Polling for changes failed: NetworkError when attempting to fetch resource..
  Stack:
    remoteSettingsFunction/remoteSettings.pollChanges@resource://services-settings/remote-settings.js:188:13

JavaScript error: file:///D:/Passion/Machine%20Learning/Projects/Semantic_Web_Parser_Model_Builder/Second%20Model%20Preparation/List%20of%20Sites/site_1_files/xd_arbiter.html, line 3: SecurityError: The operation is insecure.
IPDL protocol error: Handler returned error code!

###!!! [Parent][DispatchAsyncMessage] Error: PLayerTransaction::Msg_ReleaseLayer Processing error: message was deserialized, but the handler returned false (indicating failure)

IPDL protocol error: Handler returned error code!

###!!! [Parent][DispatchAsyncMessage] Error: PLayerTransaction::Msg_ReleaseLayer Processing error: message was deserialized, but the handler returned false (indicating failure)

IPDL protocol error: Handler returned error code!

###!!! [Parent][DispatchAsyncMessage] Error: PLayerTransaction::Msg_ReleaseLayer Processing error: message was deserialized, but the handler returned false (indicating failure)

IPDL protocol error: Handler returned error code!

###!!! [Parent][DispatchAsyncMessage] Error: PLayerTransaction::Msg_ReleaseLayer Processing error: message was deserialized, but the handler returned false (indicating failure)

IPDL protocol error: Handler returned error code!

###!!! [Parent][DispatchAsyncMessage] Error: PLayerTransaction::Msg_ReleaseLayer Processing error: message was deserialized, but the handler returned false (indicating failure)

IPDL protocol error: Handler returned error code!

###!!! [Parent][DispatchAsyncMessage] Error: PLayerTransaction::Msg_ReleaseLayer Processing error: message was deserialized, but the handler returned false (indicating failure)

IPDL protocol error: Handler returned error code!

###!!! [Parent][DispatchAsyncMessage] Error: PLayerTransaction::Msg_ReleaseLayer Processing error: message was deserialized, but the handler returned false (indicating failure)

IPDL protocol error: Handler returned error code!

###!!! [Parent][DispatchAsyncMessage] Error: PLayerTransaction::Msg_ReleaseLayer Processing error: message was deserialized, but the handler returned false (indicating failure)

[Parent 19564, Gecko_IOThread] WARNING: pipe error: 109: file z:/build/build/src/ipc/chromium/src/chrome/common/ipc_channel_win.cc, line 332
[Child 17216, Chrome_ChildThread] WARNING: pipe error: 109: file z:/build/build/src/ipc/chromium/src/chrome/common/ipc_channel_[Chiwin.ld 2cc, 0972line 332
, Chrome[Child_ChildThread] WARNING: pipe error: 109: file z:/build/build/src/ipc/chromium/src/chrome/common/ipc_channel_win.cc, line 332
[Child 20972, C1561569114916	Marionette	INFO	Stopped listening on port 52520

###!!! [Child][RunMessage] Error: Channel closing: too late to send/recv, messages will be lost

[GPU 19696, Chrome_Chil
###!!! [Child][MessageChannel::SendAndWait] Error: Channel error: cannot send/recv

1561569135311	mozrunner::runner	INFO	Running command: "C:\\Program Files (x86)\\Mozilla Firefox\\firefox.exe" "-marionette" "-foreground" "-no-remote" "-profile" "C:\\Users\\SWAROO~1\\AppData\\Local\\Temp\\rust_mozprofile.poOUK8enTESH"
1561569137208	addons.webextension.screenshots@mozilla.org	WARN	Loading extension 'screenshots@mozilla.org': Reading manifest: Invalid host permission: resource://pdf.js/
1561569137208	addons.webextension.screenshots@mozilla.org	WARN	Loading extension 'screenshots@mozilla.org': Reading manifest: Invalid host permission: about:reader*
1561569141088	Marionette	INFO	Listening on port 52691
1561569141567	Marionette	WARN	TLS certificate errors will be ignored for this session
JavaScript error: file:///D:/Passion/Machine%20Learning/Projects/Semantic_Web_Parser_Model_Builder/Second%20Model%20Preparation/List%20of%20Sites/site_1_files/xd_arbiter.html, line 3: SecurityError: The operation is insecure.
1561569162544	Marionette	INFO	Stopped listening on port 52691
[Child 22296, Chrome_ChildThread] WARNING: pipe error: 109: file z:/build/build/src/ipc/chromium/src/chrome/common/ipc_channel_win.cc, line 332
[Child 22296, Chrome_ChildThread] WARNING: pipe [Child 20788, Chrome_ChildThread] WARNING: pipe error: 109: file z:/build/build/src/ipc/chromium/src/chrome/common/ipc_channel_win.cc, line 332
[Child 2078[Parent 20448, Gecko_IOThread] WARNING: pipe error: 109: file z:/build/build/src/ipc/chromium/src/chrome/common/ipc_channel_win.cc, line 332
[Child 19112, Chrome_ChildThread] WARNING: pipe error: 109: file z:/build/build/src/ipc/chromium/src/chrome/common/ipc_channel_win.cc, line 332
[Child 19112[GPU
###!!! [Child][RunMessage] Error: Channel closing: too late to send/recv, messages will be lost

 22100,
###!!! [Child][MessageChannel::SendAndWait] Error: Channel error: cannot send/recv

1561569578199	mozrunner::runner	INFO	Running command: "C:\\Program Files (x86)\\Mozilla Firefox\\firefox.exe" "-marionette" "-foreground" "-no-remote" "-profile" "C:\\Users\\SWAROO~1\\AppData\\Local\\Temp\\rust_mozprofile.hrThdnuichBt"
1561569579840	addons.webextension.screenshots@mozilla.org	WARN	Loading extension 'screenshots@mozilla.org': Reading manifest: Invalid host permission: resource://pdf.js/
1561569579841	addons.webextension.screenshots@mozilla.org	WARN	Loading extension 'screenshots@mozilla.org': Reading manifest: Invalid host permission: about:reader*
1561569583038	Marionette	INFO	Listening on port 53133
1561569583180	Marionette	WARN	TLS certificate errors will be ignored for this session
[Child 2448, Chrome_ChildThread] WARNING: pipe error: 109: file z:/build/build/src/ipc/chromium/src/chrome/common/ipc_channel_win.cc, line 332
[Child 2448, Chrome_ChildThread] WARNING: pipe error: 109: file z:/build/build/src/ipc/chromium/src/chrome/common/ipc_channel_win.cc, line 332
JavaScript error: file:///D:/Passion/Machine%20Learning/Projects/Semantic_Web_Parser_Model_Builder/Second%20Model%20Preparation/List%20of%20Sites/site_1_files/xd_arbiter.html, line 3: SecurityError: The operation is insecure.
console.error: BroadcastService: 
  receivedBroadcastMessage: handler for
  remote-settings/monitor_changes
  threw error:
  Message: Error: Polling for changes failed: NetworkError when attempting to fetch resource..
  Stack:
    remoteSettingsFunction/remoteSettings.pollChanges@resource://services-settings/remote-settings.js:188:13

[Parent 23356, Gecko_IOThread] WARNING: pipe error: 109: file z:/build/build/src/ipc/chromium/src/chrome/common/ipc_channel_win.cc, line 332
[Child 23664, Chrome_ChildThread] WARNING: pipe error: 109: file z:/build/build/src/ipc/chromium/src/chrome/common/ipc_channel_win.cc, line 332
[Child 22304, Chrome_ChildThread] WARNING: pipe error: 109: file z:/build/build/src/ipc/chromium/src/chrome/common/ipc_channel_win.cc, line 332
[Child 22304, Chrome_ChildThread] WARNING: pipe error:1561569736296	Marionette	INFO	Stopped listening on port 53133
[GPU 21576,
###!!! [Child][RunMessage] Error: Channel closing: too late to send/recv, messages will be lost

1561569744915	mozrunner::runner	INFO	Running command: "C:\\Program Files (x86)\\Mozilla Firefox\\firefox.exe" "-marionette" "-foreground" "-no-remote" "-profile" "C:\\Users\\SWAROO~1\\AppData\\Local\\Temp\\rust_mozprofile.6UZHUtZedBoa"
1561569746850	addons.webextension.screenshots@mozilla.org	WARN	Loading extension 'screenshots@mozilla.org': Reading manifest: Invalid host permission: resource://pdf.js/
1561569746850	addons.webextension.screenshots@mozilla.org	WARN	Loading extension 'screenshots@mozilla.org': Reading manifest: Invalid host permission: about:reader*
1561569751401	Marionette	INFO	Listening on port 53343
1561569751454	Marionette	WARN	TLS certificate errors will be ignored for this session
[Child 22892, Chrome_ChildThread] WARNING: pipe error: 109: file z:/build/build/src/ipc/chromium/src/chrome/common/ipc_channel_win.cc, line 332
[Child 22892, ChroJavaScript error: file:///D:/Passion/Machine%20Learning/Projects/Semantic_Web_Parser_Model_Builder/Second%20Model%20Preparation/List%20of%20Sites/site_1_files/xd_arbiter.html, line 3: SecurityError: The operation is insecure.
1561569761656	Marionette	INFO	Stopped listening on port 53343
[Parent 25024, Gecko_IOThread] WARNING: pipe error: 109: file z:/build/build/src/ipc/chromium/src/chrome/common/ipc_channel_win.cc, line 332
[Child 24772, Chrome_ChildThread] WARNING: pipe error: 109: file z:/build/build/src/ipc/chromium/src/chrome/common/ipc_channel_win.cc, line 332
[Child 24772, Chrome_ChildThread][Parent 25024, Gecko_IOThread] WARNING: pipe error: 109: file z:/build/build/src/ipc/chromium/src/chrome/common/ipc_channel_win.cc, line 332
[Child 22276, Chrome_ChildThread] WARNING: pipe error: 109: file z:/build/build/src/ipc/chromium/src/chrome/common/ipc_channel_win.cc, line 332
[Child 22276, Chrome_ChildThre[GPU 22356
###!!! [Child][MessageChannel::SendAndWait] Error: Channel error: cannot send/recv

1561569963832	mozrunner::runner	INFO	Running command: "C:\\Program Files (x86)\\Mozilla Firefox\\firefox.exe" "-marionette" "-foreground" "-no-remote" "-profile" "C:\\Users\\SWAROO~1\\AppData\\Local\\Temp\\rust_mozprofile.ROkxucBup7UO"
1561569965176	addons.webextension.screenshots@mozilla.org	WARN	Loading extension 'screenshots@mozilla.org': Reading manifest: Invalid host permission: resource://pdf.js/
1561569965176	addons.webextension.screenshots@mozilla.org	WARN	Loading extension 'screenshots@mozilla.org': Reading manifest: Invalid host permission: about:reader*
1561569968515	Marionette	INFO	Listening on port 53590
1561569968774	Marionette	WARN	TLS certificate errors will be ignored for this session
console.error: BroadcastService: 
  receivedBroadcastMessage: handler for
  remote-settings/monitor_changes
  threw error:
  Message: Error: Polling for changes failed: NetworkError when attempting to fetch resource..
  Stack:
    remoteSettingsFunction/remoteSettings.pollChanges@resource://services-settings/remote-settings.js:188:13

1561569995288	Marionette	INFO	Stopped listening on port 53590
[Parent 25476, Gecko_IOThread] WARNING: pipe error: 109: file z:/build/build/src/ipc/chromium/src/chrome/common/ipc_channel_win.cc, line 332
[Parent 25476, Gecko_IOThread] WARNING: pipe error: 109: file z:/build/build/src/ipc/chromium/src/chrome/common/ipc_channel_win.cc, line 332
[Child 25696, Chrome_ChildThread] WARNING: pipe error: 109: file z:/build/build/src/ipc/chromium/src/chrome/common/ipc_channel_win.cc, line 332
[Child 25696, [Parent 25476, Gecko_IOThread] WARNING: pipe error: 109: file z:/build/build/src/ipc/chromium/src/chrome/common/ipc_channel_win.cc, line 332
[Child 19716, Chrome_ChildThread] WARNING: pipe error: 109: file z:/build/build/src/ipc/chromium/src/chrome/common/ipc_channel_win.cc, line 332
[Child 19716,[GPU 
###!!! [Child][RunMessage] Error: Channel closing: too late to send/recv, messages will be lost

21344,
###!!! [Child][MessageChannel::SendAndWait] Error: Channel error: cannot send/recv

1561570022302	mozrunner::runner	INFO	Running command: "C:\\Program Files (x86)\\Mozilla Firefox\\firefox.exe" "-marionette" "-foreground" "-no-remote" "-profile" "C:\\Users\\SWAROO~1\\AppData\\Local\\Temp\\rust_mozprofile.W5GKiOLVKmy3"
1561570023851	addons.webextension.screenshots@mozilla.org	WARN	Loading extension 'screenshots@mozilla.org': Reading manifest: Invalid host permission: resource://pdf.js/
1561570023852	addons.webextension.screenshots@mozilla.org	WARN	Loading extension 'screenshots@mozilla.org': Reading manifest: Invalid host permission: about:reader*
1561570026781	Marionette	INFO	Listening on port 53687
1561570027238	Marionette	WARN	TLS certificate errors will be ignored for this session
[Child 25428, Chrome_ChildThread] WARNING: pipe error: 109: file z:/build/build/src/ipc/chromium/src/chrome/common/ipc_channel_win.cc, line 332
JavaScript error: file:///D:/Passion/Machine%20Learning/Projects/Semantic_Web_Parser_Model_Builder/Second%20Model%20Preparation/List%20of%20Sites/site_3_files/cb=gapi.loaded_1, line 1: ReferenceError: gapi is not defined
JavaScript error: file:///D:/Passion/Machine%20Learning/Projects/Semantic_Web_Parser_Model_Builder/Second%20Model%20Preparation/List%20of%20Sites/site_3_files/a.js.download, line 77: TypeError: g is undefined
JavaScript error: file:///D:/Passion/Machine%20Learning/Projects/Semantic_Web_Parser_Model_Builder/Second%20Model%20Preparation/List%20of%20Sites/site_3_files/qevents.js.download, line 1: Error: Quora Pixel Error: Base pixel code is not installed properly.
JavaScript error: file:///D:/Passion/Machine%20Learning/Projects/Semantic_Web_Parser_Model_Builder/Second%20Model%20Preparation/List%20of%20Sites/site_3_files/cb=gapi.loaded_0, line 1: ReferenceError: gapi is not defined
JavaScript error: file:///D:/Passion/Machine%20Learning/Projects/Semantic_Web_Parser_Model_Builder/Second%20Model%20Preparation/List%20of%20Sites/site_3_files/a, line 1: ReferenceError: $WZRK_WR is not defined
JavaScript error: file:///D:/Passion/Machine%20Learning/Projects/Semantic_Web_Parser_Model_Builder/Second%20Model%20Preparation/List%20of%20Sites/site_3_files/a(1), line 1: ReferenceError: $WZRK_WR is not defined
JavaScript error: , line 0: uncaught exception: Failed to get parent origin from URL hash!
JavaScript error: , line 0: uncaught exception: gapi.auth2.ExternallyVisibleError: Invalid cookiePolicy
console.error: BroadcastService: 
  receivedBroadcastMessage: handler for
  remote-settings/monitor_changes
  threw error:
  Message: Error: Polling for changes failed: NetworkError when attempting to fetch resource..
  Stack:
    remoteSettingsFunction/remoteSettings.pollChanges@resource://services-settings/remote-settings.js:188:13

IPDL protocol error: Handler returned error code!

###!!! [Parent][DispatchAsyncMessage] Error: PLayerTransaction::Msg_ReleaseLayer Processing error: message was deserialized, but the handler returned false (indicating failure)

IPDL protocol error: Handler returned error code!

###!!! [Parent][DispatchAsyncMessage] Error: PLayerTransaction::Msg_ReleaseLayer Processing error: message was deserialized, but the handler returned false (indicating failure)

IPDL protocol error: Handler returned error code!

###!!! [Parent][DispatchAsyncMessage] Error: PLayerTransaction::Msg_ReleaseLayer Processing error: message was deserialized, but the handler returned false (indicating failure)

IPDL protocol error: Handler returned error code!

###!!! [Parent][DispatchAsyncMessage] Error: PLayerTransaction::Msg_ReleaseLayer Processing error: message was deserialized, but the handler returned false (indicating failure)

IPDL protocol error: Handler returned error code!

###!!! [Parent][DispatchAsyncMessage] Error: PLayerTransaction::Msg_ReleaseLayer Processing error: message was deserialized, but the handler returned false (indicating failure)

IPDL protocol error: Handler returned error code!

###!!! [Parent][DispatchAsyncMessage] Error: PLayerTransaction::Msg_ReleaseLayer Processing error: message was deserialized, but the handler returned false (indicating failure)

IPDL protocol error: Handler returned error code!

###!!! [Parent][DispatchAsyncMessage] Error: PLayerTransaction::Msg_ReleaseLayer Processing error: message was deserialized, but the handler returned false (indicating failure)

[Child 25988, Chrome_ChildThread] WARNING: pipe error: 109: file z:/build/build/src/ipc/chromium/src/chrome/common/ipc_channel_win.cc, line 332
[Child 25988, Chrome_ChildThread] WARNIN[Parent 25656, Gecko_IOThread] WARNING: pipe error: 109: file z:/build/build/src/ipc/chromium/src/chrome/common/ipc_channel_win.cc, line 332
[Child 20708, Chrome_ChildThread] WARNING: pipe error: 109: file z:/build/build/src/ipc/chromium/src/chrome/common/ipc_channel_win.cc, line 332
[Child 20708, 1561570117889	Marionette	INFO	Stopped listening on port 53687

###!!! [Child][RunMessage] Error: Channel closing: too late to send/recv, messages will be lost

[GPU 20484, Chrome_Child
###!!! [Child][MessageChannel::SendAndWait] Error: Channel error: cannot send/recv

1561570123227	mozrunner::runner	INFO	Running command: "C:\\Program Files (x86)\\Mozilla Firefox\\firefox.exe" "-marionette" "-foreground" "-no-remote" "-profile" "C:\\Users\\SWAROO~1\\AppData\\Local\\Temp\\rust_mozprofile.dP4IoTCBZxWN"
1561570124881	addons.webextension.screenshots@mozilla.org	WARN	Loading extension 'screenshots@mozilla.org': Reading manifest: Invalid host permission: resource://pdf.js/
1561570124882	addons.webextension.screenshots@mozilla.org	WARN	Loading extension 'screenshots@mozilla.org': Reading manifest: Invalid host permission: about:reader*
1561570128188	Marionette	INFO	Listening on port 53914
1561570128660	Marionette	WARN	TLS certificate errors will be ignored for this session
[Child 25228, Chrome_ChildThread] WARNING: pipe error: 109: file z:/build/build/src/ipc/chromium/src/chrome/common/ipc_channel_win.cc, line 332
[Child 25228, Chrome_ChildThread] WARNING: pipe error: 109: file z:/build/build/src/ipc/chromium/src/chrome/common/ipc_channel_win.cc, line 332
JavaScript error: file:///D:/Passion/Machine%20Learning/Projects/Semantic_Web_Parser_Model_Builder/Second%20Model%20Preparation/List%20of%20Sites/site_3_files/cb=gapi.loaded_1, line 1: ReferenceError: gapi is not defined
JavaScript error: file:///D:/Passion/Machine%20Learning/Projects/Semantic_Web_Parser_Model_Builder/Second%20Model%20Preparation/List%20of%20Sites/site_3_files/a.js.download, line 77: TypeError: g is undefined
JavaScript error: file:///D:/Passion/Machine%20Learning/Projects/Semantic_Web_Parser_Model_Builder/Second%20Model%20Preparation/List%20of%20Sites/site_3_files/qevents.js.download, line 1: Error: Quora Pixel Error: Base pixel code is not installed properly.
JavaScript error: file:///D:/Passion/Machine%20Learning/Projects/Semantic_Web_Parser_Model_Builder/Second%20Model%20Preparation/List%20of%20Sites/site_3_files/cb=gapi.loaded_0, line 1: ReferenceError: gapi is not defined
JavaScript error: file:///D:/Passion/Machine%20Learning/Projects/Semantic_Web_Parser_Model_Builder/Second%20Model%20Preparation/List%20of%20Sites/site_3_files/a, line 1: ReferenceError: $WZRK_WR is not defined
JavaScript error: file:///D:/Passion/Machine%20Learning/Projects/Semantic_Web_Parser_Model_Builder/Second%20Model%20Preparation/List%20of%20Sites/site_3_files/a(1), line 1: ReferenceError: $WZRK_WR is not defined
JavaScript error: , line 0: uncaught exception: Failed to get parent origin from URL hash!
JavaScript error: , line 0: uncaught exception: gapi.auth2.ExternallyVisibleError: Invalid cookiePolicy
console.error: BroadcastService: 
  receivedBroadcastMessage: handler for
  remote-settings/monitor_changes
  threw error:
  Message: Error: Polling for changes failed: NetworkError when attempting to fetch resource..
  Stack:
    remoteSettingsFunction/remoteSettings.pollChanges@resource://services-settings/remote-settings.js:188:13

1561570159026	Marionette	INFO	Stopped listening on port 53914
[Parent 23920, Gecko_IOThread] WARNING: pipe error: 109: file z:/build/build/src/ipc/chromium/src/chrome/common/ipc_channel_win.cc, line 332
[Child 22560, Chrome_ChildThread] WARNING: pipe error: 109: file z:/build/build/src/ipc/chromium/src/chrome/common/ipc_channel_win.cc, line 332
[Child 22560, Chrome_ChildThread] WARNING: pipe error: 109: file z:/build/build/src/ipc/chromium/src[Parent 23920, Gecko_IOThread] WARNING: pipe error: 109: file z:/build/build/src/ipc/chromium/src/chrome/common/ipc_channel_win.cc, line 332
[Child 25068, Chrome_ChildThread] WARNING: pipe error: 109: file z:/build/build/src/ipc/chromium/src/chrome/common/ipc_channel_win.cc, line 332
[Child 25068, Chrome_ChildThread] WARNING: p[Parent 23920, Gecko_IOThread] WARNING: pipe error: 109: file z:/build/build/src/ipc/chromium/src/chrome/common/ipc_channel_win.cc, line 332
[GPU 252
###!!! [Child][RunMessage] Error: Channel closing: too late to send/recv, messages will be lost

8
###!!! [Child][MessageChannel::SendAndWait] Error: Channel error: cannot send/recv

1561799421420	mozrunner::runner	INFO	Running command: "C:\\Program Files (x86)\\Mozilla Firefox\\firefox.exe" "-marionette" "-foreground" "-no-remote" "-profile" "C:\\Users\\SWAROO~1\\AppData\\Local\\Temp\\rust_mozprofile.aIXCg7HyD3li"
1561799425877	addons.webextension.screenshots@mozilla.org	WARN	Loading extension 'screenshots@mozilla.org': Reading manifest: Invalid host permission: resource://pdf.js/
1561799425896	addons.webextension.screenshots@mozilla.org	WARN	Loading extension 'screenshots@mozilla.org': Reading manifest: Invalid host permission: about:reader*
[Parent 1136, Gecko_IOThread] WARNING: pipe error: 109: file z:/build/build/src/ipc/chromium/src/chrome/common/ipc_channel_win.cc, line 332
[Child 34728, Chrome_ChildThread] WARNING: pipe error: 109: file z:/build/build/src/ipc/chromium/src/chrome/common/ipc_channel_win.cc, line 332
[Child 34728, Chrome_ChildThread] WARNING: pipe error: 109: file z:/build/build/src/ipc/chromium/src/chrome/common/ipc_channel_win.cc, line 332
[Parent 1136, Gecko_IOThread] WARNING: file z:/build/build/src/ipc/chromium/src/base/process_util_win.cc, line 166
1561799451466	Marionette	INFO	Listening on port 57747
1561799452526	Marionette	WARN	TLS certificate errors will be ignored for this session
[Parent 1136, Gecko_IOThread] WARNING: pipe error: 109: file z:/build/build/src/ipc/chromium/src/chrome/common/ipc_channel_win.cc, line 332
[Child 40564, Chrome_ChildThread] WARNING: pipe error: 109: file z:/build/build/src/ipc/chromium/src/chrome/common/ipc_channel_win.cc, line 332
[Child 40console.error: BroadcastService: 
  receivedBroadcastMessage: handler for
  remote-settings/monitor_changes
  threw error:
  Message: Error: Polling for changes failed: NetworkError when attempting to fetch resource..
  Stack:
    remoteSettingsFunction/remoteSettings.pollChanges@resource://services-settings/remote-settings.js:188:13

[Parent 1136, Gecko_IOThread] WARNING: pipe error: 109: file z:/build/build/src/ipc/chromium/src/chrome/common/ipc_channel_win.cc, line 332
[Parent 1136, Gecko_IOThread] WARNING: pipe error: 109: file z:/build/build/src/ipc/chromium/src/chrome/common/ipc_channel_win.cc, line 332
[Child 22900, Chrome_ChildThread] WARNING: pipe error: 109: file z:/build/build/src/ipc/chromium/src/chrome/common/ipc_channel_win.cc, line 332
[Parent 1136, Gecko_IOThread] WARNING: pipe error: 109: file z:/build/build/src/ipc/chromium/src/chrome/common/ipc_channel_win.cc, line 332
[Child 27120, Chrome_ChildThread] WARNING: pipe error: 109: file z:/build/build/src/ipc/chromium/src/chrome/common/ipc_channel_win.cc, line 332
[Child 27120, Chrome_ChildThread] WARNING:1561800798656	Marionette	INFO	Stopped listening on port 57747

###!!! [Child][RunMessage] Error: Channel closing: too late to send/recv, messages will be lost

[GPU 39436
###!!! [Child][MessageChannel::SendAndWait] Error: Channel error: cannot send/recv

changes failed: NetworkError when attempting to fetch resource..
  Stack:
    remoteSettingsFunction/remoteSettings.pollChanges@resource://services-settings/remote-settings.js:188:13

[Child 30612, Chrome_ChildThread] WARNING: pipe error: 109: file z:/build/build/src/ipc/chromium/src/chrome/[cCohmimlodn /6i8p6c9_6c,h aCnhnel_wromein.c_Chic, lldThine read] WA332
RNING: pipe e[Chirrorld 3061: 109: 2, Cfilehrom z:/e_ChbuilildThred/buad] ild/WARNsrc/ING:ipc/ pipchroe error:mium 109: f/srcile /chrome/coz:/bmmonuild/ipc/bui_channel_wld/sin.crc/icpc/chro, limiumne 3/src32
/chrome/commo[Chin/ipld 6c_channe8696l_wi, Chn.ccrome, line 3_Chi32
ldThread] WARNING: pipe error: 109: file z:/build/build/src/ipc/chromium/src/chrome/common/ipc_channel_win.cc, line 332
[Child 40300, Chrome_ChildThread] WARNING: pipe error: 109: file z:/build/build/src/ipc/chromium/src/chrome/common/ipc_channel_win.cc, line 332
[Child 40300, Chrome_ChildThread] WARNING: pipe error: 109: file z:/build/build/src/ipc/chromium/src/chrome/common/ipc_channel_win.cc, line 332
*** UTM:SVC TimerManager:registerTimer called after profile-before-change notification. Ignoring timer registration for id: telemetry_modules_ping
1561799624489	Marionette	INFO	Stopped listening on port 57828

###!!! [Child][RunMessage] Error: Channel closing: too late to send/recv, messages will be lost

[GP1561799647380	mozrunner::runner	INFO	Running command: "C:\\Program Files (x86)\\Mozilla Firefox\\firefox.exe" "-marionette" "-foreground" "-no-remote" "-profile" "C:\\Users\\SWAROO~1\\AppData\\Local\\Temp\\rust_mozprofile.P7HFGVYQN3jn"
1561799650501	addons.webextension.screenshots@mozilla.org	WARN	Loading extension 'screenshots@mozilla.org': Reading manifest: Invalid host permission: resource://pdf.js/
1561799650501	addons.webextension.screenshots@mozilla.org	WARN	Loading extension 'screenshots@mozilla.org': Reading manifest: Invalid host permission: about:reader*
1561799655169	Marionette	INFO	Listening on port 57890
1561799655263	Marionette	WARN	TLS certificate errors will be ignored for this session
[Parent 64452, Gecko_IOThread] WARNING: pipe error: 109: file z:/build/build/src/ipc/chromium/src/chrome/common/ipc_channel_win.cc, line 332
[Child 59084, Chrome_ChildThread] WARNING: pipe error: 109: file z:/build/build/src/ipc/chromium/src/chrome/common/ipc_channel_win.cc, line 332
[Child 59084, Chrome_Cconsole.error: BroadcastService: 
  receivedBroadcastMessage: handler for
  remote-settings/monitor_changes
  threw error:
  Message: Error: Polling for changes failed: NetworkError when attempting to fetch resource..
  Stack:
    remoteSettingsFunction/remoteSettings.pollChanges@resource://services-settings/remote-settings.js:188:13

1561800116372	Marionette	INFO	Stopped listening on port 57890
[Child 532, Chrome_ChildThread] WARNING: pipe error: 109: file z:/build/build/src/ipc/chromium/src/chrome/common/ipc_channel_win.cc, line 332
[Child 532, Chrome_ChildThread] WARNING: pipe error: 109: file z:/build/build/src/ipc/chromium/src/chrome/common/ipc_channel_win.cc, line 332
[Parent 64452, Gecko_IOThread] WARNING: pipe error: 109: file z:/build/build/src/ipc/chromium/src/chrome/common/ipc_channel_win.cc, line 332
[Child 24688, Chrome_ChildThread] WARNING: pipe error: 109: file z:/build/build/src/ipc/chromium/src/chrome/common/ipc_channel_win.cc, line 332
[Child 2468[Parent 64452, Gecko_IOThread] WARNING: file z:/build/build/src/ipc/chromium/src/base/process_util_win.cc, line 166

###!!! [Child][RunMessage] Error: Channel closing: too late to send/recv, messages will be lost

[GPU1561800804390	mozrunner::runner	INFO	Running command: "C:\\Program Files (x86)\\Mozilla Firefox\\firefox.exe" "-marionette" "-foreground" "-no-remote" "-profile" "C:\\Users\\SWAROO~1\\AppData\\Local\\Temp\\rust_mozprofile.AMej6K6Kyspu"
1561800805111	addons.webextension.screenshots@mozilla.org	WARN	Loading extension 'screenshots@mozilla.org': Reading manifest: Invalid host permission: resource://pdf.js/
1561800805111	addons.webextension.screenshots@mozilla.org	WARN	Loading extension 'screenshots@mozilla.org': Reading manifest: Invalid host permission: about:reader*
1561800808523	Marionette	INFO	Listening on port 57999
1561800808837	Marionette	WARN	TLS certificate errors will be ignored for this session
[Child 9588, Chrome_ChildThread] WARNING: pipe error: 109: file z:/build/build/src/ipc/chromium/src/chrome/common/ipc_channel_win.cc, line 332
[Child 9588, console.error: BroadcastService: 
  receivedBroadcastMessage: handler for
  remote-settings/monitor_changes
  threw error:
  Message: Error: Polling for changes failed: NetworkError when attempting to fetch resource..
  Stack:
    remoteSettingsFunction/remoteSettings.pollChanges@resource://services-settings/remote-settings.js:188:13

[Parent 81384, Gecko_IOThread] WARNING: pipe error: 109: file z:/build/build/src/ipc/chromium/src/chrome/common/ipc_channel_win.cc, line 332
[Child 11480, Chrome_ChildThread] WARNING: pipe error: 109: file z:/build/build/src/ipc/chromium/src/chrome/common/ipc_channel_win.cc, line 332
[Child 11480, Chrome_ChildThread] WARNING: pipe error: 109: file z:/build/build/src/ipc/chromium/src/chrome/common/ipc_channel_win.cc, line 332
[Parent 81384, Gecko_IOThread] WARNING: pipe error: 109: file z:/build/build/src/ipc/chromium/src/chrome/common/ipc_channel_win.cc, line 332
[Child 5988, Chrome_ChildThread] WARNING: pipe error: 109: file z:/build/build/src/ipc/chromium/src/chrome/common/ipc_channel_win.cc, line 332
[Child 5988, Chr1561800906165	Marionette	INFO	Stopped listening on port 57999

###!!! [Child][RunMessage] Error: Channel closing: too late to send/recv, messages will be lost


###!!! [Child][MessageChannel::SendAndWait] Error: Channel error: cannot send/recv

1561800929800	mozrunner::runner	INFO	Running command: "C:\\Program Files (x86)\\Mozilla Firefox\\firefox.exe" "-marionette" "-foreground" "-no-remote" "-profile" "C:\\Users\\SWAROO~1\\AppData\\Local\\Temp\\rust_mozprofile.UnfivUrg6DOc"
1561800931446	addons.webextension.screenshots@mozilla.org	WARN	Loading extension 'screenshots@mozilla.org': Reading manifest: Invalid host permission: resource://pdf.js/
1561800931447	addons.webextension.screenshots@mozilla.org	WARN	Loading extension 'screenshots@mozilla.org': Reading manifest: Invalid host permission: about:reader*
1561800934756	Marionette	INFO	Listening on port 58052
1561800934882	Marionette	WARN	TLS certificate errors will be ignored for this session
[Parent 23792, Gecko_IOThread] WARNING: pipe error: 109: file z:/build/build/src/ipc/chromium/src/chrome/common/ipc_channel_win.cc, line 332
[Parent 23792, Gecko_IOThread] WARNING: pipe error: 109: file z:/build/build/src/ipc/chromium/src/chrome/common/ipc_channel_win.cc, line 332
[Child 30856, Chrome_ChildThread] WARNING: pipe error: 109: file z:/build/build/src/ipc/chromium/src/chrome/common/ipc_channel_win.cc, line 332
[Child 30856, Chrome_ChildThread] WARN[Parent 23792, Gecko_IOThread] WARNING: pipe error: 109: file z:/build/build/src/ipc/chromium/src/chrome/common/ipc_channel_win.cc, line 332
1561800967150	Marionette	INFO	Stopped listening on port 58052

###!!! [Child][RunMessage] Error: Channel closing: too late to send/recv, messages will be lost

[GPU 37040, Ch
###!!! [Child][MessageChannel::SendAndWait] Error: Channel error: cannot send/recv

1561800972827	mozrunner::runner	INFO	Running command: "C:\\Program Files (x86)\\Mozilla Firefox\\firefox.exe" "-marionette" "-foreground" "-no-remote" "-profile" "C:\\Users\\SWAROO~1\\AppData\\Local\\Temp\\rust_mozprofile.3wRNljS5KHxN"
1561800974406	addons.webextension.screenshots@mozilla.org	WARN	Loading extension 'screenshots@mozilla.org': Reading manifest: Invalid host permission: resource://pdf.js/
1561800974407	addons.webextension.screenshots@mozilla.org	WARN	Loading extension 'screenshots@mozilla.org': Reading manifest: Invalid host permission: about:reader*
1561800977794	Marionette	INFO	Listening on port 58091
1561800977907	Marionette	WARN	TLS certificate errors will be ignored for this session
[Parent 24976, Gecko_IOThread] WARNING: pipe error: 109: file z:/build/build/src/ipc/chromium/src/chrome/common/ipc_channel_win.cc, line 332
console.error: BroadcastService: 
  receivedBroadcastMessage: handler for
  remote-settings/monitor_changes
  threw error:
  Message: Error: Polling for changes failed: NetworkError when attempting to fetch resource..
  Stack:
    remoteSettingsFunction/remoteSettings.pollChanges@resource://services-settings/remote-settings.js:188:13

1561801362771	Marionette	INFO	Stopped listening on port 58091
[Child 40708, Chrome_ChildThread] WARNING: pipe error: 109: file z:/build/build/src/ipc/chromium/src/chrome/common/ipc_channel_win.cc, line 332
[Child 40708, Chrome_C[Parent 24976, Gecko_IOThread] WARNING: pipe error: 109: file z:/build/build/src/ipc/chromium/src/chrome/common/ipc_channel_win.cc, line 332
[Child 81680, Chrome_ChildThread] WARNING: pipe error: 109: file z:/build/build/src/ipc/chromium/src/chrome/common/ipc_channel_win.cc, line 332
[Child 81680
###!!! [Child][RunMessage] Error: Channel closing: too late to send/recv, messages will be lost

[GP
###!!! [Child][MessageChannel::SendAndWait] Error: Channel error: cannot send/recv

